<?xml version="1.0" encoding="UTF-8"?>
<!-- Generated by org.testng.reporters.JUnitReportReporter -->
<testsuite hostname="HDC3-L-36WB103" failures="0" tests="1" name="testsuite.AssignmentTest2" time="22.603" errors="0" timestamp="2022-05-16T01:49:46 IST" skipped="0">
  <testcase classname="testsuite.AssignmentTest2" name="testWalletHubReview" time="22.603"/>
  <system-out/>
</testsuite> <!-- testsuite.AssignmentTest2 -->
