<?xml version="1.0" encoding="UTF-8"?>
<!-- Generated by org.testng.reporters.JUnitReportReporter -->
<testsuite hostname="HDC3-L-36WB103" failures="0" tests="1" name="testsuite.AssignmentTest1" time="24.749" errors="0" timestamp="2022-05-16T01:49:08 IST" skipped="0">
  <testcase classname="testsuite.AssignmentTest1" name="testFacebookPost" time="24.749"/>
  <system-out>
    <![CDATA[Launched facebook application]]>
  </system-out>
</testsuite> <!-- testsuite.AssignmentTest1 -->
